<?xml version="1.0" encoding="UTF-8"?>
<testsuite name="NumbersToWordsTest" tests="3" skipped="0" failures="0" errors="0" timestamp="2015-08-11T23:42:36" hostname="epicodus-108.local" time="0.001">
  <properties/>
  <testcase name="numToWords_returnStringForDoubleDigitOverTwenty_TwentyOne" classname="NumbersToWordsTest" time="0.001"/>
  <testcase name="numToWords_returnStringForSingleDigit_One" classname="NumbersToWordsTest" time="0.0"/>
  <testcase name="numToWords_returnStringForDoubleDigit_Twelve" classname="NumbersToWordsTest" time="0.0"/>
  <system-out><![CDATA[]]></system-out>
  <system-err><![CDATA[]]></system-err>
</testsuite>
